<?xml version="1.0" encoding="UTF-8"?>
<coverage generated="1600987001008" clover="3.2.0">
  <project timestamp="1600987001008" name="All files">
    <metrics statements="3" coveredstatements="3" conditionals="2" coveredconditionals="1" methods="1" coveredmethods="1" elements="6" coveredelements="5" complexity="0" loc="3" ncloc="3" packages="1" files="1" classes="1"/>
    <file name="ItemCard.jsx" path="/Users/kevinfey/Desktop/codesmith/GenerocityCommunity/client/components/ItemCard.jsx">
      <metrics statements="3" coveredstatements="3" conditionals="2" coveredconditionals="1" methods="1" coveredmethods="1"/>
      <line num="7" count="1" type="stmt"/>
      <line num="16" count="1" type="stmt"/>
      <line num="18" count="1" type="stmt"/>
    </file>
  </project>
</coverage>
