{"/Users/kevinfey/Desktop/codesmith/GenerocityCommunity/client/components/ItemCard.jsx": {"path":"/Users/kevinfey/Desktop/codesmith/GenerocityCommunity/client/components/ItemCard.jsx","statementMap":{"0":{"start":{"line":7,"column":17},"end":{"line":43,"column":3}},"1":{"start":{"line":16,"column":8},"end":{"line":16,"column":18}},"2":{"start":{"line":18,"column":4},"end":{"line":42,"column":6}}},"fnMap":{"0":{"name":"(anonymous_0)","decl":{"start":{"line":7,"column":17},"end":{"line":7,"column":18}},"loc":{"start":{"line":7,"column":26},"end":{"line":43,"column":3}},"line":7}},"branchMap":{"0":{"loc":{"start":{"line":32,"column":24},"end":{"line":32,"column":45}},"type":"cond-expr","locations":[{"start":{"line":32,"column":33},"end":{"line":32,"column":37}},{"start":{"line":32,"column":40},"end":{"line":32,"column":45}}],"line":32}},"s":{"0":1,"1":1,"2":1},"f":{"0":1},"b":{"0":[1,0]},"_coverageSchema":"1a1c01bbd47fc00a2c39e90264f33305004495a9","hash":"484321302715b917dfb3e069a39e0e3e1f6fcb63"}
}
